<?xml version="1.0" encoding="UTF-8"?>
<!-- Generated by org.testng.reporters.JUnitXMLReporter -->
<testsuite ignored="0" hostname="sanket" failures="0" tests="4" name="Test" time="14.774" errors="0" timestamp="2024-08-29T14:27:21 IST">
  <testcase classname="test.LoginTest" name="checkUrl" time="0.93"/>
  <testcase classname="test.LoginTest" name="loginandCheckErrormessage" time="2.405"/>
  <testcase classname="test.LoginTest" name="loginandCheckErrormessage" time="2.462"/>
  <testcase classname="test.LoginTest" name="loginandCheckErrormessage" time="2.503"/>
</testsuite> <!-- Test -->
