<?xml version="1.0" encoding="UTF-8"?>
<testsuite xmlns:xsi="http://www.w3.org/2001/XMLSchema-instance" xsi:noNamespaceSchemaLocation="https://maven.apache.org/surefire/maven-surefire-plugin/xsd/surefire-test-report-3.0.xsd" version="3.0" name="TestSuite" time="15.253" tests="4" errors="0" skipped="0" failures="0">
  <properties>
[...]
</properties>
  <testcase name="checkUrl" classname="test.LoginTest" time="0.931">
    <system-out><![CDATA[https://store.steampowered.com/login/?redir=&redir_ssl=1&snr=1_4_4__global-header
]]></system-out>
    <system-err><![CDATA[SLF4J: Failed to load class "org.slf4j.impl.StaticLoggerBinder".
SLF4J: Defaulting to no-operation (NOP) logger implementation
SLF4J: See http://www.slf4j.org/codes.html#StaticLoggerBinder for further details.
Starting ChromeDriver 128.0.6613.84 (606aa55c7d687518d34b55accc5a71ea0bd28727-refs/branch-heads/6613@{#1335}) on port 30688
Only local connections are allowed.
Please see https://chromedriver.chromium.org/security-considerations for suggestions on keeping ChromeDriver safe.
ChromeDriver was started successfully on port 30688.
Aug 29, 2024 2:27:07 PM org.openqa.selenium.remote.ProtocolHandshake createSession
INFO: Detected dialect: W3C
]]></system-err>
  </testcase>
  <testcase name="loginandCheckErrormessage[kaido@gmail.com, kaido123](1)" classname="test.LoginTest" time="2.406">
    <system-out><![CDATA[Please check your password and account name and try again.
]]></system-out>
    <system-err><![CDATA[ERROR StatusLogger Log4j2 could not find a logging implementation. Please add log4j-core to the classpath. Using SimpleLogger to log to the console...
]]></system-err>
  </testcase>
  <testcase name="loginandCheckErrormessage[zoro@gmail.com, zoro123](2)" classname="test.LoginTest" time="2.463">
    <system-out><![CDATA[Please check your password and account name and try again.
]]></system-out>
  </testcase>
  <testcase name="loginandCheckErrormessage[luffy@gmail.com, luffy123](3)" classname="test.LoginTest" time="2.503">
    <system-out><![CDATA[Please check your password and account name and try again.
]]></system-out>
  </testcase>
</testsuite>