<?xml version="1.0" encoding="UTF-8"?>
<testng-results ignored="0" total="4" passed="4" failed="0" skipped="0">
  <reporter-output>
  </reporter-output>
  <suite started-at="2024-08-29T13:34:23 IST" name="Suite" finished-at="2024-08-29T13:34:38 IST" duration-ms="14337">
    <groups>
    </groups>
    <test started-at="2024-08-29T13:34:23 IST" name="Test" finished-at="2024-08-29T13:34:38 IST" duration-ms="14337">
      <class name="test.LoginTest">
        <test-method is-config="true" signature="openBrowser()[pri:0, instance:test.LoginTest@5c33f1a9]" started-at="2024-08-29T13:34:23 IST" name="openBrowser" finished-at="2024-08-29T13:34:24 IST" duration-ms="1054" status="PASS">
          <reporter-output>
          </reporter-output>
        </test-method> <!-- openBrowser -->
        <test-method is-config="true" signature="pomClassObject()[pri:0, instance:test.LoginTest@5c33f1a9]" started-at="2024-08-29T13:34:24 IST" name="pomClassObject" finished-at="2024-08-29T13:34:24 IST" duration-ms="22" status="PASS">
          <reporter-output>
          </reporter-output>
        </test-method> <!-- pomClassObject -->
        <test-method is-config="true" signature="openApplication()[pri:0, instance:test.LoginTest@5c33f1a9]" started-at="2024-08-29T13:34:24 IST" name="openApplication" finished-at="2024-08-29T13:34:27 IST" duration-ms="2998" status="PASS">
          <reporter-output>
          </reporter-output>
        </test-method> <!-- openApplication -->
        <test-method signature="checkUrl()[pri:0, instance:test.LoginTest@5c33f1a9]" started-at="2024-08-29T13:34:27 IST" name="checkUrl" finished-at="2024-08-29T13:34:28 IST" duration-ms="880" status="PASS">
          <reporter-output>
          </reporter-output>
        </test-method> <!-- checkUrl -->
        <test-method is-config="true" signature="openApplication()[pri:0, instance:test.LoginTest@5c33f1a9]" started-at="2024-08-29T13:34:29 IST" name="openApplication" finished-at="2024-08-29T13:34:30 IST" duration-ms="1129" status="PASS">
          <reporter-output>
          </reporter-output>
        </test-method> <!-- openApplication -->
        <test-method signature="loginandCheckErrormessage(java.lang.String,java.lang.String)[pri:0, instance:test.LoginTest@5c33f1a9]" started-at="2024-08-29T13:34:30 IST" name="loginandCheckErrormessage" data-provider="validCredentialsSupplier" finished-at="2024-08-29T13:34:32 IST" duration-ms="2040" status="PASS">
          <params>
            <param index="0">
              <value>
                <![CDATA[kaido@gmail.com]]>
              </value>
            </param>
            <param index="1">
              <value>
                <![CDATA[kaido123]]>
              </value>
            </param>
          </params>
          <reporter-output>
          </reporter-output>
        </test-method> <!-- loginandCheckErrormessage -->
        <test-method is-config="true" signature="openApplication()[pri:0, instance:test.LoginTest@5c33f1a9]" started-at="2024-08-29T13:34:32 IST" name="openApplication" finished-at="2024-08-29T13:34:33 IST" duration-ms="644" status="PASS">
          <reporter-output>
          </reporter-output>
        </test-method> <!-- openApplication -->
        <test-method signature="loginandCheckErrormessage(java.lang.String,java.lang.String)[pri:0, instance:test.LoginTest@5c33f1a9]" started-at="2024-08-29T13:34:33 IST" name="loginandCheckErrormessage" data-provider="validCredentialsSupplier" finished-at="2024-08-29T13:34:35 IST" duration-ms="2003" status="PASS">
          <params>
            <param index="0">
              <value>
                <![CDATA[zoro@gmail.com]]>
              </value>
            </param>
            <param index="1">
              <value>
                <![CDATA[zoro123]]>
              </value>
            </param>
          </params>
          <reporter-output>
          </reporter-output>
        </test-method> <!-- loginandCheckErrormessage -->
        <test-method is-config="true" signature="openApplication()[pri:0, instance:test.LoginTest@5c33f1a9]" started-at="2024-08-29T13:34:35 IST" name="openApplication" finished-at="2024-08-29T13:34:35 IST" duration-ms="648" status="PASS">
          <reporter-output>
          </reporter-output>
        </test-method> <!-- openApplication -->
        <test-method signature="loginandCheckErrormessage(java.lang.String,java.lang.String)[pri:0, instance:test.LoginTest@5c33f1a9]" started-at="2024-08-29T13:34:35 IST" name="loginandCheckErrormessage" data-provider="validCredentialsSupplier" finished-at="2024-08-29T13:34:38 IST" duration-ms="2332" status="PASS">
          <params>
            <param index="0">
              <value>
                <![CDATA[luffy@gmail.com]]>
              </value>
            </param>
            <param index="1">
              <value>
                <![CDATA[luffy123]]>
              </value>
            </param>
          </params>
          <reporter-output>
          </reporter-output>
        </test-method> <!-- loginandCheckErrormessage -->
      </class> <!-- test.LoginTest -->
    </test> <!-- Test -->
  </suite> <!-- Suite -->
</testng-results>
